<?xml version="1.0" encoding="UTF-8"?>
<!-- Generated by org.testng.reporters.JUnitXMLReporter -->
<testsuite hostname="tangxiaohua" name="Default test" tests="3" failures="0" timestamp="20 Oct 2016 05:55:35 GMT" time="23.377" errors="0">
  <testcase name="getBottom" time="0.064" classname="com.gfan.pub.Footer"/>
  <testcase name="getFooterTopLinks" time="0.379" classname="com.gfan.pub.Footer"/>
  <testcase name="getFriendlyLinks" time="0.857" classname="com.gfan.pub.Footer"/>
</testsuite> <!-- Default test -->
