<?xml version="1.0" encoding="UTF-8"?>
<testng-results skipped="0" failed="0" total="3" passed="3">
  <reporter-output>
  </reporter-output>
  <suite name="Default suite" duration-ms="23377" started-at="2016-10-20T05:55:12Z" finished-at="2016-10-20T05:55:35Z">
    <groups>
    </groups>
    <test name="Default test" duration-ms="23377" started-at="2016-10-20T05:55:12Z" finished-at="2016-10-20T05:55:35Z">
      <class name="com.gfan.pub.Footer">
        <test-method status="PASS" signature="setUp()[pri:0, instance:com.gfan.pub.Footer@16c0663d]" name="setUp" is-config="true" duration-ms="7665" started-at="2016-10-20T13:55:12Z" finished-at="2016-10-20T13:55:20Z">
          <reporter-output>
          </reporter-output>
        </test-method> <!-- setUp -->
        <test-method status="PASS" signature="getBottom()[pri:0, instance:com.gfan.pub.Footer@16c0663d]" name="getBottom" duration-ms="64" started-at="2016-10-20T13:55:20Z" finished-at="2016-10-20T13:55:20Z">
          <reporter-output>
          </reporter-output>
        </test-method> <!-- getBottom -->
        <test-method status="PASS" signature="close()[pri:0, instance:com.gfan.pub.Footer@16c0663d]" name="close" is-config="true" duration-ms="9" started-at="2016-10-20T13:55:20Z" finished-at="2016-10-20T13:55:20Z">
          <reporter-output>
          </reporter-output>
        </test-method> <!-- close -->
        <test-method status="PASS" signature="setUp()[pri:0, instance:com.gfan.pub.Footer@16c0663d]" name="setUp" is-config="true" duration-ms="7582" started-at="2016-10-20T13:55:20Z" finished-at="2016-10-20T13:55:27Z">
          <reporter-output>
          </reporter-output>
        </test-method> <!-- setUp -->
        <test-method status="PASS" signature="getFooterTopLinks()[pri:0, instance:com.gfan.pub.Footer@16c0663d]" name="getFooterTopLinks" duration-ms="379" started-at="2016-10-20T13:55:27Z" finished-at="2016-10-20T13:55:28Z">
          <reporter-output>
          </reporter-output>
        </test-method> <!-- getFooterTopLinks -->
        <test-method status="PASS" signature="close()[pri:0, instance:com.gfan.pub.Footer@16c0663d]" name="close" is-config="true" duration-ms="16" started-at="2016-10-20T13:55:28Z" finished-at="2016-10-20T13:55:28Z">
          <reporter-output>
          </reporter-output>
        </test-method> <!-- close -->
        <test-method status="PASS" signature="setUp()[pri:0, instance:com.gfan.pub.Footer@16c0663d]" name="setUp" is-config="true" duration-ms="6778" started-at="2016-10-20T13:55:28Z" finished-at="2016-10-20T13:55:35Z">
          <reporter-output>
          </reporter-output>
        </test-method> <!-- setUp -->
        <test-method status="PASS" signature="getFriendlyLinks()[pri:0, instance:com.gfan.pub.Footer@16c0663d]" name="getFriendlyLinks" duration-ms="857" started-at="2016-10-20T13:55:35Z" finished-at="2016-10-20T13:55:35Z">
          <reporter-output>
          </reporter-output>
        </test-method> <!-- getFriendlyLinks -->
        <test-method status="PASS" signature="close()[pri:0, instance:com.gfan.pub.Footer@16c0663d]" name="close" is-config="true" duration-ms="8" started-at="2016-10-20T13:55:35Z" finished-at="2016-10-20T13:55:35Z">
          <reporter-output>
          </reporter-output>
        </test-method> <!-- close -->
      </class> <!-- com.gfan.pub.Footer -->
    </test> <!-- Default test -->
  </suite> <!-- Default suite -->
</testng-results>
